
  [32m[1mVITE[22m v5.4.21[39m  [2mready in [0m[1m1193[22m[2m[0m ms[22m

  [32m➜[39m  [1mLocal[22m:   [36mhttp://127.0.0.1:[1m4173[22m/[39m
[2m7:37:26 PM[22m [36m[1m[vite][22m[39m [32mhmr update [39m[2m/src/parallel15/02-header.jsx[22m
[2m7:37:26 PM[22m [36m[1m[vite][22m[39m [32mhmr update [39m[2m/src/parallel/HeroTop.jsx[22m
[2m7:37:26 PM[22m [36m[1m[vite][22m[39m [32mpage reload [39m[2mindex.html[22m
[2m7:37:26 PM[22m [36m[1m[vite][22m[39m [32mhmr update [39m[2m/src/parallel/MiddleSections.jsx[22m
[2m7:37:26 PM[22m [36m[1m[vite][22m[39m [32mhmr update [39m[2m/src/parallel/LowerSections.jsx[22m
[2m7:37:26 PM[22m [36m[1m[vite][22m[39m [32mhmr update [39m[2m/src/parallel/hero-top.css[22m
[2m7:37:26 PM[22m [36m[1m[vite][22m[39m [32mhmr update [39m[2m/src/parallel/middle-sections.css[22m
[2m7:42:14 PM[22m [36m[1m[vite][22m[39m [32mhmr update [39m[2m/src/App.jsx[22m
[2m7:42:48 PM[22m [36m[1m[vite][22m[39m [32mhmr update [39m[2m/src/App.jsx[22m
[2m7:42:49 PM[22m [36m[1m[vite][22m[39m [32m✨ new dependencies optimized: [33mreact-router-dom[32m[39m
[2m7:42:49 PM[22m [36m[1m[vite][22m[39m [32m✨ optimized dependencies changed. reloading[39m
[2m7:43:34 PM[22m [36m[1m[vite][22m[39m [32mhmr update [39m[2m/src/styles.css[22m
[2m8:14:25 PM[22m [36m[1m[vite][22m[39m [32mhmr update [39m[2m/src/SiteLayout.jsx[22m
[2m8:18:23 PM[22m [36m[1m[vite][22m[39m [32mhmr update [39m[2m/src/SiteLayout.jsx[22m
[2m8:19:15 PM[22m [36m[1m[vite][22m[39m [32mhmr update [39m[2m/src/styles.css[22m
[2m8:20:36 PM[22m [36m[1m[vite][22m[39m [32mhmr update [39m[2m/src/App.jsx[22m
[2m8:26:57 PM[22m [36m[1m[vite][22m[39m [32mhmr update [39m[2m/src/App.jsx[22m
[2m8:27:35 PM[22m [36m[1m[vite][22m[39m [32mhmr update [39m[2m/src/SiteLayout.jsx[22m
[2m8:28:49 PM[22m [36m[1m[vite][22m[39m [32mhmr update [39m[2m/src/SiteLayout.jsx[22m
[2m8:28:50 PM[22m [36m[1m[vite][22m[39m [33mhmr invalidate [39m[2m/src/SiteLayout.jsx[22m Could not Fast Refresh (new export)
[2m8:28:50 PM[22m [36m[1m[vite][22m[39m [32mhmr update [39m[2m/src/App.jsx[22m
[2m8:29:19 PM[22m [36m[1m[vite][22m[39m [32mhmr update [39m[2m/src/App.jsx[22m
[2m8:55:37 PM[22m [36m[1m[vite][22m[39m [32mhmr update [39m[2m/src/SiteLayout.jsx[22m
[2m8:56:00 PM[22m [36m[1m[vite][22m[39m [32mhmr update [39m[2m/src/styles.css[22m
